<?xml version="1.0" encoding="UTF-8"?>
<coverage generated="1746797823282" clover="3.2.0">
  <project timestamp="1746797823282" name="All files">
    <metrics statements="50" coveredstatements="36" conditionals="18" coveredconditionals="13" methods="11" coveredmethods="9" elements="79" coveredelements="58" complexity="0" loc="50" ncloc="50" packages="2" files="2" classes="2"/>
    <package name="common">
      <metrics statements="27" coveredstatements="27" conditionals="13" coveredconditionals="13" methods="5" coveredmethods="5"/>
      <file name="LifeAlgorithm.ts" path="/Users/luiz.bonfioli/Documents/github/game-of-life/src/common/LifeAlgorithm.ts">
        <metrics statements="27" coveredstatements="27" conditionals="13" coveredconditionals="13" methods="5" coveredmethods="5"/>
        <line num="2" count="1" type="stmt"/>
        <line num="3" count="5" type="stmt"/>
        <line num="7" count="1" type="stmt"/>
        <line num="9" count="13" type="stmt"/>
        <line num="14" count="13" type="stmt"/>
        <line num="15" count="13" type="stmt"/>
        <line num="16" count="104" type="stmt"/>
        <line num="17" count="104" type="stmt"/>
        <line num="19" count="104" type="cond" truecount="5" falsecount="0"/>
        <line num="20" count="52" type="stmt"/>
        <line num="23" count="13" type="stmt"/>
        <line num="27" count="1" type="stmt"/>
        <line num="28" count="13" type="stmt"/>
        <line num="29" count="13" type="stmt"/>
        <line num="31" count="13" type="cond" truecount="2" falsecount="0"/>
        <line num="35" count="3" type="cond" truecount="4" falsecount="0"/>
        <line num="38" count="10" type="cond" truecount="2" falsecount="0"/>
        <line num="43" count="1" type="stmt"/>
        <line num="44" count="2" type="stmt"/>
        <line num="45" count="2" type="stmt"/>
        <line num="46" count="2" type="stmt"/>
        <line num="49" count="2" type="stmt"/>
        <line num="50" count="5" type="stmt"/>
        <line num="52" count="13" type="stmt"/>
        <line num="53" count="13" type="stmt"/>
        <line num="55" count="13" type="stmt"/>
        <line num="60" count="2" type="stmt"/>
      </file>
    </package>
    <package name="services">
      <metrics statements="23" coveredstatements="9" conditionals="5" coveredconditionals="0" methods="6" coveredmethods="4"/>
      <file name="LifeService.ts" path="/Users/luiz.bonfioli/Documents/github/game-of-life/src/services/LifeService.ts">
        <metrics statements="23" coveredstatements="9" conditionals="5" coveredconditionals="0" methods="6" coveredmethods="4"/>
        <line num="1" count="1" type="stmt"/>
        <line num="4" count="1" type="stmt"/>
        <line num="5" count="3" type="stmt"/>
        <line num="9" count="1" type="stmt"/>
        <line num="10" count="2" type="stmt"/>
        <line num="14" count="1" type="stmt"/>
        <line num="15" count="2" type="stmt"/>
        <line num="19" count="1" type="stmt"/>
        <line num="25" count="0" type="stmt"/>
        <line num="26" count="0" type="stmt"/>
        <line num="27" count="0" type="stmt"/>
        <line num="29" count="0" type="stmt"/>
        <line num="30" count="0" type="stmt"/>
        <line num="31" count="0" type="stmt"/>
        <line num="32" count="0" type="cond" truecount="0" falsecount="5"/>
        <line num="33" count="0" type="stmt"/>
        <line num="37" count="0" type="stmt"/>
        <line num="41" count="1" type="stmt"/>
        <line num="42" count="0" type="stmt"/>
        <line num="58" count="0" type="stmt"/>
        <line num="59" count="0" type="stmt"/>
        <line num="61" count="0" type="stmt"/>
        <line num="62" count="0" type="stmt"/>
      </file>
    </package>
  </project>
</coverage>
