TN:
SF:../src/common/LifeAlgorithm.ts
FN:2,(anonymous_0)
FN:3,(anonymous_1)
FN:7,(anonymous_2)
FN:27,(anonymous_3)
FN:43,(anonymous_4)
FNF:5
FNH:5
FNDA:2,(anonymous_0)
FNDA:5,(anonymous_1)
FNDA:13,(anonymous_2)
FNDA:13,(anonymous_3)
FNDA:2,(anonymous_4)
DA:2,1
DA:3,5
DA:7,1
DA:9,13
DA:14,13
DA:15,13
DA:16,104
DA:17,104
DA:19,104
DA:20,52
DA:23,13
DA:27,1
DA:28,13
DA:29,13
DA:31,13
DA:35,3
DA:38,10
DA:43,1
DA:44,2
DA:45,2
DA:46,2
DA:49,2
DA:50,5
DA:52,13
DA:53,13
DA:55,13
DA:60,2
LF:27
LH:27
BRDA:19,0,0,52
BRDA:19,1,0,104
BRDA:19,1,1,89
BRDA:19,1,2,74
BRDA:19,1,3,63
BRDA:31,2,0,3
BRDA:31,2,1,10
BRDA:35,3,0,1
BRDA:35,3,1,2
BRDA:35,4,0,3
BRDA:35,4,1,2
BRDA:38,5,0,2
BRDA:38,5,1,8
BRF:13
BRH:13
end_of_record
TN:
SF:../src/services/LifeService.ts
FN:4,(anonymous_0)
FN:5,(anonymous_1)
FN:9,(anonymous_2)
FN:14,(anonymous_3)
FN:19,(anonymous_4)
FN:41,(anonymous_5)
FNF:6
FNH:4
FNDA:2,(anonymous_0)
FNDA:3,(anonymous_1)
FNDA:2,(anonymous_2)
FNDA:2,(anonymous_3)
FNDA:0,(anonymous_4)
FNDA:0,(anonymous_5)
DA:1,1
DA:4,1
DA:5,3
DA:9,1
DA:10,2
DA:14,1
DA:15,2
DA:19,1
DA:25,0
DA:26,0
DA:27,0
DA:29,0
DA:30,0
DA:31,0
DA:32,0
DA:33,0
DA:37,0
DA:41,1
DA:42,0
DA:58,0
DA:59,0
DA:61,0
DA:62,0
LF:23
LH:9
BRDA:32,0,0,0
BRDA:32,1,0,0
BRDA:32,1,1,0
BRDA:32,1,2,0
BRDA:32,1,3,0
BRF:5
BRH:0
end_of_record
